<?xml version="1.0" encoding="UTF-8" ?>
<testsuite errors="0" skipped="0" tests="1" time="37.628" failures="0" name="mailTest.NewEmptyJUnitTest">
  <properties>
    <property value="Java(TM) 2 Runtime Environment, Standard Edition" name="java.runtime.name"/>
    <property value="C:\Java\jre_1_5\bin" name="sun.boot.library.path"/>
    <property value="1.5.0_13-b05" name="java.vm.version"/>
    <property value="Sun Microsystems Inc." name="java.vm.vendor"/>
    <property value="http://java.sun.com/" name="java.vendor.url"/>
    <property value=";" name="path.separator"/>
    <property value="Java HotSpot(TM) Client VM" name="java.vm.name"/>
    <property value="sun.io" name="file.encoding.pkg"/>
    <property value="GB" name="user.country"/>
    <property value="SUN_STANDARD" name="sun.java.launcher"/>
    <property value="" name="sun.os.patch.level"/>
    <property value="Java Virtual Machine Specification" name="java.vm.specification.name"/>
    <property value="D:\eclipse_workspace\SendMailToGmailEg" name="user.dir"/>
    <property value="1.5.0_13-b05" name="java.runtime.version"/>
    <property value="sun.awt.Win32GraphicsEnvironment" name="java.awt.graphicsenv"/>
    <property value="D:\eclipse_workspace\SendMailToGmailEg" name="basedir"/>
    <property value="C:\Java\jre_1_5\lib\endorsed" name="java.endorsed.dirs"/>
    <property value="x86" name="os.arch"/>
    <property value="C:\Users\goutham\AppData\Local\Temp\surefirebooter53132.jar" name="surefire.real.class.path"/>
    <property value="C:\Users\goutham\AppData\Local\Temp\" name="java.io.tmpdir"/>
    <property value="
" name="line.separator"/>
    <property value="Sun Microsystems Inc." name="java.vm.specification.vendor"/>
    <property value="" name="user.variant"/>
    <property value="Windows Vista" name="os.name"/>
    <property value="Cp1252" name="sun.jnu.encoding"/>
    <property value="C:\Java\jre_1_5\bin;.;C:\Windows\system32;C:\Windows;C:\Windows\system32;C:\Windows;C:\Windows\System32\Wbem;;C:\Program Files\QuickTime\QTSystem\;C:\Windows\system32;C:\Windows;C:\Windows\System32\Wbem;;C:\Program Files\QuickTime\QTSystem\;C:\apacheant\bin;CATALINA_HOME%\bin; C:\Java\jdk_1_5;C:\maven/bin;C:\Windows\system32;C:\Windows;C:\Windows\System32\Wbem;;C:\Program Files\QuickTime\QTSystem\" name="java.library.path"/>
    <property value="D:\eclipse_workspace\SendMailToGmailEg\target\test-classes;D:\eclipse_workspace\SendMailToGmailEg\target\classes;C:\Users\goutham\.m2\repository\asm\asm-commons\2.2.1\asm-commons-2.2.1.jar;C:\Users\goutham\.m2\repository\asm\asm\2.2.1\asm-2.2.1.jar;C:\Users\goutham\.m2\repository\commons-beanutils\commons-beanutils-bean-collections\1.7.0\commons-beanutils-bean-collections-1.7.0.jar;C:\Users\goutham\.m2\repository\commons-logging\commons-logging\1.1\commons-logging-1.1.jar;C:\Users\goutham\.m2\repository\log4j\log4j\1.2.12\log4j-1.2.12.jar;C:\Users\goutham\.m2\repository\logkit\logkit\1.0.1\logkit-1.0.1.jar;C:\Users\goutham\.m2\repository\avalon-framework\avalon-framework\4.1.3\avalon-framework-4.1.3.jar;C:\Users\goutham\.m2\repository\javax\servlet\servlet-api\2.3\servlet-api-2.3.jar;C:\Users\goutham\.m2\repository\javax\mail\mail\1.3.2\mail-1.3.2.jar;C:\Users\goutham\.m2\repository\javax\activation\activation\1.0.2\activation-1.0.2.jar;C:\Users\goutham\.m2\repository\junit\junit\3.8\junit-3.8.jar;C:\Users\goutham\.m2\repository\org\springframework\spring\2.0-m4\spring-2.0-m4.jar;" name="surefire.test.class.path"/>
    <property value="Java Platform API Specification" name="java.specification.name"/>
    <property value="49.0" name="java.class.version"/>
    <property value="HotSpot Client Compiler" name="sun.management.compiler"/>
    <property value="6.0" name="os.version"/>
    <property value="C:\Users\goutham" name="user.home"/>
    <property value="Europe/London" name="user.timezone"/>
    <property value="sun.awt.windows.WPrinterJob" name="java.awt.printerjob"/>
    <property value="1.5" name="java.specification.version"/>
    <property value="Cp1252" name="file.encoding"/>
    <property value="goutham" name="user.name"/>
    <property value="D:\eclipse_workspace\SendMailToGmailEg\target\test-classes;D:\eclipse_workspace\SendMailToGmailEg\target\classes;C:\Users\goutham\.m2\repository\asm\asm-commons\2.2.1\asm-commons-2.2.1.jar;C:\Users\goutham\.m2\repository\asm\asm\2.2.1\asm-2.2.1.jar;C:\Users\goutham\.m2\repository\commons-beanutils\commons-beanutils-bean-collections\1.7.0\commons-beanutils-bean-collections-1.7.0.jar;C:\Users\goutham\.m2\repository\commons-logging\commons-logging\1.1\commons-logging-1.1.jar;C:\Users\goutham\.m2\repository\log4j\log4j\1.2.12\log4j-1.2.12.jar;C:\Users\goutham\.m2\repository\logkit\logkit\1.0.1\logkit-1.0.1.jar;C:\Users\goutham\.m2\repository\avalon-framework\avalon-framework\4.1.3\avalon-framework-4.1.3.jar;C:\Users\goutham\.m2\repository\javax\servlet\servlet-api\2.3\servlet-api-2.3.jar;C:\Users\goutham\.m2\repository\javax\mail\mail\1.3.2\mail-1.3.2.jar;C:\Users\goutham\.m2\repository\javax\activation\activation\1.0.2\activation-1.0.2.jar;C:\Users\goutham\.m2\repository\junit\junit\3.8\junit-3.8.jar;C:\Users\goutham\.m2\repository\org\springframework\spring\2.0-m4\spring-2.0-m4.jar;" name="java.class.path"/>
    <property value="1.0" name="java.vm.specification.version"/>
    <property value="32" name="sun.arch.data.model"/>
    <property value="C:\Java\jre_1_5" name="java.home"/>
    <property value="Sun Microsystems Inc." name="java.specification.vendor"/>
    <property value="en" name="user.language"/>
    <property value="sun.awt.windows.WToolkit" name="awt.toolkit"/>
    <property value="mixed mode, sharing" name="java.vm.info"/>
    <property value="1.5.0_13" name="java.version"/>
    <property value="C:\Java\jre_1_5\lib\ext" name="java.ext.dirs"/>
    <property value="C:\Java\jre_1_5\lib\rt.jar;C:\Java\jre_1_5\lib\i18n.jar;C:\Java\jre_1_5\lib\sunrsasign.jar;C:\Java\jre_1_5\lib\jsse.jar;C:\Java\jre_1_5\lib\jce.jar;C:\Java\jre_1_5\lib\charsets.jar;C:\Java\jre_1_5\classes" name="sun.boot.class.path"/>
    <property value="Sun Microsystems Inc." name="java.vendor"/>
    <property value="C:\Users\goutham\.m2\repository" name="localRepository"/>
    <property value="\" name="file.separator"/>
    <property value="http://java.sun.com/cgi-bin/bugreport.cgi" name="java.vendor.url.bug"/>
    <property value="little" name="sun.cpu.endian"/>
    <property value="UnicodeLittle" name="sun.io.unicode.encoding"/>
    <property value="windows" name="sun.desktop"/>
    <property value="pentium_pro+mmx pentium_pro pentium+mmx pentium i486 i386 i86" name="sun.cpu.isalist"/>
  </properties>
  <testcase classname="mailTest.NewEmptyJUnitTest" time="36.826" name="testSendMail"/>
</testsuite>